* using log directory ‘/Users/asanghvi/sigstory/sigstory.Rcheck’
* using R version 4.4.1 (2024-06-14)
* using platform: x86_64-apple-darwin20
* R was compiled by
    Apple clang version 14.0.0 (clang-1400.0.29.202)
    GNU Fortran (GCC) 12.2.0
* running under: macOS Sonoma 14.5
* using session charset: UTF-8
* using option ‘--as-cran’
* checking for file ‘sigstory/DESCRIPTION’ ... OK
* checking extension type ... Package
* this is package ‘sigstory’ version ‘1.0’
* checking CRAN incoming feasibility ... [2s/19s] NOTE
Maintainer: ‘Who to complain to <yourfault@somewhere.net>’

New submission

Non-FOSS package license (What license is it under?)

DESCRIPTION fields with placeholder content:
  Title: what the package does (short line)
  Author: Who wrote it
  Maintainer: Who to complain to <yourfault@somewhere.net>
  Description: more about what it does (maybe more than one line).
* checking package namespace information ... OK
* checking package dependencies ... OK
* checking if this is a source package ... OK
* checking if there is a namespace ... OK
* checking for executable files ... OK
* checking for hidden files and directories ... OK
* checking for portable file names ... OK
* checking for sufficient/correct file permissions ... OK
* checking serialization versions ... OK
* checking whether package ‘sigstory’ can be installed ... OK
* checking installed package size ... OK
* checking package directory ... OK
* checking for future file timestamps ... OK
* checking DESCRIPTION meta-information ... WARNING
Non-standard license specification:
  What license is it under?
Standardizable: FALSE
* checking top-level files ... OK
* checking for left-over files ... OK
* checking index information ... OK
* checking package subdirectories ... OK
* checking code files for non-ASCII characters ... OK
* checking R files for syntax errors ... OK
* checking whether the package can be loaded ... OK
* checking whether the package can be loaded with stated dependencies ... OK
* checking whether the package can be unloaded cleanly ... OK
* checking whether the namespace can be loaded with stated dependencies ... OK
* checking whether the namespace can be unloaded cleanly ... OK
* checking loading without being on the library search path ... OK
* checking use of S3 registration ... OK
* checking dependencies in R code ... WARNING
'::' or ':::' imports not declared from:
  ‘fs’ ‘rmarkdown’ ‘stringr’
* checking S3 generic/method consistency ... OK
* checking replacement functions ... OK
* checking foreign function calls ... OK
* checking R code for possible problems ... OK
* checking Rd files ... NOTE
prepare_Rd: generate_single_report.Rd:7-9: Dropping empty section \description
prepare_Rd: generate_single_report.Rd:40-42: Dropping empty section \details
prepare_Rd: generate_single_report.Rd:43-49: Dropping empty section \value
prepare_Rd: generate_single_report.Rd:56-58: Dropping empty section \note
prepare_Rd: generate_single_report.Rd:53-55: Dropping empty section \author
prepare_Rd: generate_single_report.Rd:50-52: Dropping empty section \references
prepare_Rd: generate_single_report.Rd:62-64: Dropping empty section \seealso
prepare_Rd: generate_summary_layer.Rd:7-9: Dropping empty section \description
prepare_Rd: generate_summary_layer.Rd:52-54: Dropping empty section \details
prepare_Rd: generate_summary_layer.Rd:55-61: Dropping empty section \value
prepare_Rd: generate_summary_layer.Rd:68-70: Dropping empty section \note
prepare_Rd: generate_summary_layer.Rd:65-67: Dropping empty section \author
prepare_Rd: generate_summary_layer.Rd:62-64: Dropping empty section \references
prepare_Rd: generate_summary_layer.Rd:74-76: Dropping empty section \seealso
prepare_Rd: sigstory-package.Rd:11-14: Dropping empty section \details
prepare_Rd: sigstory-package.Rd:20-22: Dropping empty section \references
prepare_Rd: sigstory-package.Rd:29-32: Dropping empty section \seealso
prepare_Rd: sigstory-package.Rd:33-35: Dropping empty section \examples
prepare_Rd: sigstory.Rd:7-9: Dropping empty section \description
prepare_Rd: sigstory.Rd:82-84: Dropping empty section \details
prepare_Rd: sigstory.Rd:85-91: Dropping empty section \value
prepare_Rd: sigstory.Rd:98-100: Dropping empty section \note
prepare_Rd: sigstory.Rd:95-97: Dropping empty section \author
prepare_Rd: sigstory.Rd:92-94: Dropping empty section \references
prepare_Rd: sigstory.Rd:104-106: Dropping empty section \seealso
* checking Rd metadata ... WARNING
Rd files with duplicated alias 'sigstory':
  ‘sigstory-package.Rd’ ‘sigstory.Rd’
* checking Rd line widths ... NOTE
Rd file 'generate_single_report.Rd':
  \usage lines wider than 90 characters:
     generate_single_report(catalogue, bootstraps, bootstraps_experimental, similarity, tally, dataset, parquet_path = NULL, sample_informat ... [TRUNCATED]
  \examples lines wider than 100 characters:
                 sample_of_interest, "_", sig_type, ".html"), params = list(sample_of_interest = sample_of_interest, 

Rd file 'generate_summary_layer.Rd':
  \usage lines wider than 90 characters:
     generate_summary_layer(catalogue, bootstraps, tally, dataset, catalogue2, bootstraps2, tally2, dataset2, catalogue3, bootstraps3, tally ... [TRUNCATED]
  \examples lines wider than 100 characters:
                 sample_of_interest, "_Summary.html"), params = list(sample_of_interest = sample_of_interest, 

Rd file 'sigstory.Rd':
  \usage lines wider than 90 characters:
     sigstory(catalogue, bootstraps, bootstraps_experimental, similarity, tally, dataset, parquet_path = NULL, catalogue2 = NULL, bootstraps ... [TRUNCATED]

These lines will be truncated in the PDF manual.
* checking Rd cross-references ... OK
* checking for missing documentation entries ... OK
* checking for code/documentation mismatches ... OK
* checking Rd \usage sections ... OK
* checking Rd contents ... NOTE
Rd files without \description:
  ‘generate_single_report.Rd’ ‘generate_summary_layer.Rd’ ‘sigstory.Rd’
Argument items with no description in Rd file 'generate_single_report.Rd':
  ‘catalogue’ ‘bootstraps’ ‘bootstraps_experimental’ ‘similarity’
  ‘tally’ ‘dataset’ ‘parquet_path’ ‘sample_information’
Auto-generated content requiring editing in Rd file 'generate_single_report.Rd':
  \title: ‘A Capitalized Title (ideally limited to 65 characters)’
Argument items with no description in Rd file 'generate_summary_layer.Rd':
  ‘catalogue’ ‘bootstraps’ ‘tally’ ‘dataset’ ‘catalogue2’ ‘bootstraps2’
  ‘tally2’ ‘dataset2’ ‘catalogue3’ ‘bootstraps3’ ‘tally3’ ‘dataset3’
Auto-generated content requiring editing in Rd file 'generate_summary_layer.Rd':
  \title: ‘A Capitalized Title (ideally limited to 65 characters)’
Argument items with no description in Rd file 'sigstory.Rd':
  ‘catalogue’ ‘bootstraps’ ‘bootstraps_experimental’ ‘similarity’
  ‘tally’ ‘dataset’ ‘parquet_path’ ‘catalogue2’ ‘bootstraps2’
  ‘bootstraps_experimental2’ ‘similarity2’ ‘tally2’ ‘dataset2’
  ‘parquet_path2’ ‘catalogue3’ ‘bootstraps3’ ‘bootstraps_experimental3’
  ‘similarity3’ ‘tally3’ ‘dataset3’ ‘parquet_path3’
  ‘sample_information’
Auto-generated content requiring editing in Rd file 'sigstory.Rd':
  \title: ‘A Capitalized Title (ideally limited to 65 characters)’
* checking for unstated dependencies in examples ... ERROR
Warning: parse error in file 'sigstory-Ex.R':
'\.' is an unrecognized escape in character string (35:56)
** will not attempt to run examples
* checking examples ... SKIPPED
* checking PDF version of manual ... WARNING
LaTeX errors when creating PDF version.
This typically indicates Rd problems.
* checking PDF version of manual without index ... ERROR
Re-running with no redirection of stdout/stderr.
* checking HTML version of manual ... NOTE
Found the following HTML validation problems:
generate_single_report.html:15:44 (generate_single_report.Rd:4): Error: <main> is not recognized!
generate_single_report.html:15:44 (generate_single_report.Rd:4): Warning: discarding unexpected <main>
generate_single_report.html:122:1 (generate_single_report.Rd:116): Warning: discarding unexpected </main>
generate_single_report.html:4:1 (generate_single_report.Rd:4): Warning: <link> inserting "type" attribute
generate_single_report.html:12:1 (generate_single_report.Rd:4): Warning: <script> proprietary attribute "onload"
generate_single_report.html:12:1 (generate_single_report.Rd:4): Warning: <script> inserting "type" attribute
generate_single_report.html:17:1 (generate_single_report.Rd:4): Warning: <table> lacks "summary" attribute
generate_single_report.html:31:1 (generate_single_report.Rd:15): Warning: <table> lacks "summary" attribute
generate_summary_layer.html:15:44 (generate_summary_layer.Rd:4): Error: <main> is not recognized!
generate_summary_layer.html:15:44 (generate_summary_layer.Rd:4): Warning: discarding unexpected <main>
generate_summary_layer.html:121:1 (generate_summary_layer.Rd:111): Warning: discarding unexpected </main>
generate_summary_layer.html:4:1 (generate_summary_layer.Rd:4): Warning: <link> inserting "type" attribute
generate_summary_layer.html:12:1 (generate_summary_layer.Rd:4): Warning: <script> proprietary attribute "onload"
generate_summary_layer.html:12:1 (generate_summary_layer.Rd:4): Warning: <script> inserting "type" attribute
generate_summary_layer.html:17:1 (generate_summary_layer.Rd:4): Warning: <table> lacks "summary" attribute
generate_summary_layer.html:31:1 (generate_summary_layer.Rd:15): Warning: <table> lacks "summary" attribute
sigstory-package.html:15:44 (sigstory-package.Rd:5): Error: <main> is not recognized!
sigstory-package.html:15:44 (sigstory-package.Rd:5): Warning: discarding unexpected <main>
sigstory-package.html:36:1 (sigstory-package.Rd:18): Warning: discarding unexpected </main>
sigstory-package.html:4:1 (sigstory-package.Rd:5): Warning: <link> inserting "type" attribute
sigstory-package.html:12:1 (sigstory-package.Rd:5): Warning: <script> proprietary attribute "onload"
sigstory-package.html:12:1 (sigstory-package.Rd:5): Warning: <script> inserting "type" attribute
sigstory-package.html:17:1 (sigstory-package.Rd:5): Warning: <table> lacks "summary" attribute
sigstory.html:15:44 (sigstory.Rd:4): Error: <main> is not recognized!
sigstory.html:15:44 (sigstory.Rd:4): Warning: discarding unexpected <main>
sigstory.html:209:1 (sigstory.Rd:189): Warning: discarding unexpected </main>
sigstory.html:4:1 (sigstory.Rd:4): Warning: <link> inserting "type" attribute
sigstory.html:12:1 (sigstory.Rd:4): Warning: <script> proprietary attribute "onload"
sigstory.html:12:1 (sigstory.Rd:4): Warning: <script> inserting "type" attribute
sigstory.html:17:1 (sigstory.Rd:4): Warning: <table> lacks "summary" attribute
sigstory.html:31:1 (sigstory.Rd:15): Warning: <table> lacks "summary" attribute
* checking for non-standard things in the check directory ... NOTE
Found the following files/directories:
  ‘sigstory-manual.tex’
* checking for detritus in the temp directory ... OK
* DONE
Status: 2 ERRORs, 4 WARNINGs, 6 NOTEs
